{
  "RSpec": {
    "coverage": {
      "/Users/colinarmstrong/Turing/mod2/job-tracker/config/environment.rb": [
        null,
        1,
        null,
        null,
        1
      ],
      "/Users/colinarmstrong/Turing/mod2/job-tracker/config/application.rb": [
        1,
        null,
        1,
        null,
        null,
        null,
        1,
        null,
        1,
        1,
        null,
        1,
        null,
        null,
        null,
        null,
        null,
        null
      ],
      "/Users/colinarmstrong/Turing/mod2/job-tracker/config/boot.rb": [
        1,
        null,
        1
      ],
      "/Users/colinarmstrong/Turing/mod2/job-tracker/config/environments/test.rb": [
        1,
        null,
        null,
        null,
        null,
        null,
        null,
        1,
        null,
        null,
        null,
        null,
        1,
        null,
        null,
        1,
        1,
        null,
        null,
        1,
        1,
        null,
        null,
        1,
        null,
        null,
        1,
        null,
        null,
        null,
        null,
        1,
        null,
        null,
        1,
        null,
        null,
        1,
        null,
        null,
        null,
        null
      ],
      "/Users/colinarmstrong/Turing/mod2/job-tracker/config/initializers/assets.rb": [
        null,
        null,
        null,
        1,
        null,
        null,
        null,
        null,
        null,
        null,
        null
      ],
      "/Users/colinarmstrong/Turing/mod2/job-tracker/config/initializers/backtrace_silencers.rb": [
        null,
        null,
        null,
        null,
        null,
        null,
        null
      ],
      "/Users/colinarmstrong/Turing/mod2/job-tracker/config/initializers/cookies_serializer.rb": [
        null,
        null,
        1
      ],
      "/Users/colinarmstrong/Turing/mod2/job-tracker/config/initializers/filter_parameter_logging.rb": [
        null,
        null,
        null,
        1
      ],
      "/Users/colinarmstrong/Turing/mod2/job-tracker/config/initializers/inflections.rb": [
        null,
        null,
        null,
        null,
        null,
        null,
        null,
        null,
        null,
        null,
        null,
        null,
        null,
        null,
        null,
        null
      ],
      "/Users/colinarmstrong/Turing/mod2/job-tracker/config/initializers/mime_types.rb": [
        null,
        null,
        null,
        null
      ],
      "/Users/colinarmstrong/Turing/mod2/job-tracker/config/initializers/session_store.rb": [
        null,
        null,
        1
      ],
      "/Users/colinarmstrong/Turing/mod2/job-tracker/config/initializers/wrap_parameters.rb": [
        null,
        null,
        null,
        null,
        null,
        null,
        1,
        2,
        null,
        null,
        null,
        null,
        null,
        null
      ],
      "/Users/colinarmstrong/Turing/mod2/job-tracker/config/routes.rb": [
        1,
        null,
        1,
        1,
        null,
        null,
        null,
        null,
        null,
        null,
        null,
        null,
        null,
        null,
        null,
        null,
        null,
        null,
        null,
        null,
        null,
        null,
        null,
        null,
        null,
        null,
        null,
        null,
        null,
        null,
        null,
        null,
        null,
        null,
        null,
        null,
        null,
        null,
        null,
        null,
        null,
        null,
        null,
        null,
        null,
        null,
        null,
        null,
        null,
        null,
        null,
        null,
        null,
        null,
        null,
        null,
        null,
        null,
        null,
        null
      ],
      "/Users/colinarmstrong/Turing/mod2/job-tracker/app/helpers/application_helper.rb": [
        1,
        null
      ],
      "/Users/colinarmstrong/Turing/mod2/job-tracker/spec/features/companies/user_deletes_a_company_spec.rb": [
        1,
        null,
        1,
        1,
        1,
        1,
        null,
        1,
        1,
        null,
        null,
        1,
        null,
        null
      ],
      "/Users/colinarmstrong/Turing/mod2/job-tracker/spec/features/companies/user_edits_existing_company_spec.rb": [
        1,
        null,
        1,
        1,
        1,
        1,
        null,
        1,
        1,
        null,
        1,
        1,
        1,
        null,
        null
      ],
      "/Users/colinarmstrong/Turing/mod2/job-tracker/spec/features/companies/user_sees_all_companies_spec.rb": [
        1,
        null,
        1,
        1,
        1,
        1,
        null,
        1,
        null,
        1,
        null,
        null,
        null
      ],
      "/Users/colinarmstrong/Turing/mod2/job-tracker/spec/features/companies/user_sees_one_company_spec.rb": [
        1,
        null,
        1,
        1,
        1,
        1,
        null,
        1,
        null,
        1,
        1,
        1,
        null,
        null
      ],
      "/Users/colinarmstrong/Turing/mod2/job-tracker/spec/features/jobs/user_creates_new_job_spec.rb": [
        1,
        null,
        1,
        1,
        1,
        1,
        null,
        1,
        1,
        1,
        1,
        null,
        1,
        null,
        1,
        1,
        1,
        1,
        1,
        null,
        null
      ],
      "/Users/colinarmstrong/Turing/mod2/job-tracker/spec/features/jobs/user_sees_a_job_spec.rb": [
        1,
        null,
        1,
        1,
        1,
        1,
        null,
        1,
        null,
        1,
        1,
        1,
        null,
        null
      ],
      "/Users/colinarmstrong/Turing/mod2/job-tracker/spec/features/jobs/user_sees_all_jobs_spec.rb": [
        1,
        null,
        1,
        1,
        1,
        1,
        1,
        null,
        1,
        null,
        1,
        1,
        1,
        null,
        null
      ],
      "/Users/colinarmstrong/Turing/mod2/job-tracker/spec/models/company_spec.rb": [
        1,
        null,
        1,
        1,
        1,
        1,
        1,
        1,
        null,
        null,
        1,
        1,
        1,
        1,
        null,
        null,
        null,
        1,
        1,
        1,
        1,
        null,
        null,
        null,
        null,
        1,
        1,
        1,
        1,
        null,
        null,
        null
      ],
      "/Users/colinarmstrong/Turing/mod2/job-tracker/app/models/company.rb": [
        1,
        1,
        1,
        null
      ],
      "/Users/colinarmstrong/Turing/mod2/job-tracker/app/models/application_record.rb": [
        1,
        1,
        null
      ],
      "/Users/colinarmstrong/Turing/mod2/job-tracker/spec/models/job_spec.rb": [
        1,
        null,
        1,
        1,
        1,
        1,
        1,
        1,
        null,
        null,
        1,
        1,
        1,
        null,
        null,
        1,
        1,
        1,
        null,
        null,
        null,
        1,
        1,
        1,
        1,
        1,
        null,
        null,
        null,
        null,
        1,
        1,
        1,
        1,
        null,
        null,
        null
      ],
      "/Users/colinarmstrong/Turing/mod2/job-tracker/app/models/job.rb": [
        1,
        1,
        1,
        null
      ],
      "/Users/colinarmstrong/Turing/mod2/job-tracker/app/controllers/companies_controller.rb": [
        1,
        1,
        3,
        null,
        null,
        1,
        1,
        null,
        null,
        1,
        1,
        1,
        1,
        1,
        null,
        0,
        null,
        null,
        null,
        1,
        4,
        4,
        null,
        null,
        1,
        1,
        null,
        null,
        1,
        1,
        1,
        1,
        1,
        1,
        null,
        0,
        null,
        null,
        null,
        1,
        1,
        1,
        null,
        1,
        1,
        null,
        null,
        null,
        1,
        null,
        1,
        2,
        null,
        null
      ],
      "/Users/colinarmstrong/Turing/mod2/job-tracker/app/controllers/application_controller.rb": [
        1,
        null,
        null,
        1,
        null
      ],
      "/Users/colinarmstrong/Turing/mod2/job-tracker/app/controllers/jobs_controller.rb": [
        1,
        1,
        4,
        4,
        null,
        null,
        1,
        1,
        1,
        null,
        null,
        1,
        1,
        1,
        1,
        1,
        1,
        null,
        0,
        null,
        null,
        null,
        1,
        2,
        null,
        null,
        1,
        null,
        null,
        null,
        1,
        null,
        null,
        null,
        1,
        null,
        null,
        null,
        1,
        null,
        1,
        1,
        null,
        null
      ]
    },
    "timestamp": 1530933174
  }
}
